<?xml version="1.0" encoding="UTF-8"?>
<!-- Generated by org.testng.reporters.JUnitReportReporter -->
<testsuite skipped="0" hostname="DESKTOP-4R7KFJ2" name="api.tests.TwitterAPIToken" tests="1" failures="0" timestamp="16 Jun 2018 02:28:24 GMT" time="1.918" errors="0">
  <testcase name="testApiOauthToken" time="1.918" classname="api.tests.TwitterAPIToken"/>
</testsuite> <!-- api.tests.TwitterAPIToken -->
