<?xml version="1.0" encoding="UTF-8"?>
<!-- Generated by org.testng.reporters.JUnitReportReporter -->
<testsuite skipped="0" hostname="DESKTOP-4R7KFJ2" name="browser.tests.ActionClass" tests="1" failures="0" timestamp="16 Jun 2018 20:22:53 GMT" time="0.004" errors="0">
  <testcase name="test" time="0.004" classname="browser.tests.ActionClass"/>
</testsuite> <!-- browser.tests.ActionClass -->
